[18:32:31] [ServerMain/INFO]: Environment: Environment[sessionHost=https://sessionserver.mojang.com, servicesHost=https://api.minecraftservices.com, name=PROD]
[18:32:31] [ServerMain/WARN]: Pack file/amplified-nether-height.zip declared support for versions [16, 41] but declared main format is 15, defaulting to 15
[18:32:35] [ServerMain/INFO]: Loaded 1290 recipes
[18:32:36] [ServerMain/INFO]: Loaded 1399 advancements
[18:32:37] [Server thread/INFO]: Starting minecraft server version 1.21
[18:32:37] [Server thread/INFO]: Loading properties
[18:32:37] [Server thread/INFO]: Default game type: SURVIVAL
[18:32:37] [Server thread/INFO]: Generating keypair
[18:32:37] [Server thread/INFO]: Starting Minecraft server on *:25565
[18:32:38] [Server thread/INFO]: Using epoll channel type
[18:32:38] [Server thread/WARN]: **** SERVER IS RUNNING IN OFFLINE/INSECURE MODE!
[18:32:38] [Server thread/WARN]: The server will make no attempt to authenticate usernames. Beware.
[18:32:38] [Server thread/WARN]: While this makes the game possible to play without internet access, it also opens up the ability for hackers to connect with any username they choose.
[18:32:38] [Server thread/WARN]: To change this, set "online-mode" to "true" in the server.properties file.
[18:32:38] [Server thread/INFO]: Preparing level "world"
[18:32:51] [Server thread/INFO]: Preparing start region for dimension minecraft:overworld
[18:32:55] [Worker-Main-1/INFO]: Preparing spawn area: 0%
[18:32:55] [Worker-Main-1/INFO]: Preparing spawn area: 0%
[18:32:55] [Worker-Main-1/INFO]: Preparing spawn area: 0%
[18:32:55] [Worker-Main-1/INFO]: Preparing spawn area: 0%
[18:32:55] [Worker-Main-1/INFO]: Preparing spawn area: 0%
[18:32:55] [Worker-Main-1/INFO]: Preparing spawn area: 0%
[18:32:55] [Worker-Main-1/INFO]: Preparing spawn area: 0%
[18:32:55] [Worker-Main-1/INFO]: Preparing spawn area: 0%
[18:32:56] [Server thread/INFO]: Time elapsed: 4448 ms
[18:32:56] [Server thread/INFO]: Done (17.989s)! For help, type "help"
[18:33:02] [Server thread/INFO]: Superpro99871[/[0:0:0:0:0:0:0:1%0]:40582] logged in with entity id 73 at (48.86598453174806, 767.0, 9.812609079737564)
[18:33:02] [Server thread/INFO]: Superpro99871 joined the game
[18:33:04] [Server thread/WARN]: Can't keep up! Is the server overloaded? Running 2003ms or 40 ticks behind
[18:33:09] [Server thread/INFO]: siganconsumiendo[/[0:0:0:0:0:0:0:1%0]:33318] logged in with entity id 119 at (63.799097488761, 767.0, 31.640183709346623)
[18:33:09] [Server thread/INFO]: siganconsumiendo joined the game
[18:33:26] [Server thread/WARN]: Can't keep up! Is the server overloaded? Running 6327ms or 126 ticks behind
[18:33:32] [Server thread/INFO]: [Superpro99871: Set own game mode to Creative Mode]
[18:34:12] [Server thread/INFO]: [Superpro99871: Set own game mode to Survival Mode]
[18:40:45] [Server thread/INFO]: [Superpro99871: Gave 64 [Iron Ingot] to Superpro99871]
[18:41:35] [Server thread/INFO]: Superpro99871 hit the ground too hard
[18:42:10] [Server thread/INFO]: siganconsumiendo was slain by Superpro99871
[18:42:26] [Server thread/INFO]: [Superpro99871: Teleported Superpro99871 to siganconsumiendo]
[18:46:40] [Server thread/INFO]: [Superpro99871: Teleported Superpro99871 to siganconsumiendo]
[18:47:32] [Server thread/INFO]: siganconsumiendo was shot by Superpro99871
[18:49:11] [Server thread/INFO]: siganconsumiendo has made the advancement [We Need to Go Deeper]
